<?xml version="1.0" encoding="UTF-8"?>
<!-- Generated by org.testng.reporters.JUnitXMLReporter -->
<testsuite hostname="LAPTOP-18R30RO2" name="Sanity Testing" tests="7" failures="2" timestamp="28 Sep 2023 10:36:38 GMT" time="40.33" errors="0">
  <testcase name="addCategoryTestCase" time="2.331" classname="tests.AddCategoryTest2"/>
  <testcase name="addCategoryTestCase" time="2.006" classname="tests.AddCategoryTest2"/>
  <testcase name="addCategoryTestCase" time="1.729" classname="tests.AddCategoryTest2"/>
  <testcase name="addCategoryTestCase" time="2.037" classname="tests.AddCategoryTest2"/>
  <testcase name="addCategoryTestCase" time="1.748" classname="tests.AddCategoryTest2"/>
  <testcase name="addCategoryTestCase" time="2.023" classname="tests.AddCategoryTest2">
    <failure type="java.lang.AssertionError" message="expected [true] but found [false]">
      <![CDATA[java.lang.AssertionError: expected [true] but found [false]
	at tests.AddCategoryTest2.addCategoryTestCase(AddCategoryTest2.java:75)
... Removed 28 stack frames]]>
    </failure>
  </testcase> <!-- addCategoryTestCase -->
  <testcase name="addCategoryTestCase" time="1.962" classname="tests.AddCategoryTest2">
    <failure type="java.lang.AssertionError" message="expected [true] but found [false]">
      <![CDATA[java.lang.AssertionError: expected [true] but found [false]
	at tests.AddCategoryTest2.addCategoryTestCase(AddCategoryTest2.java:75)
... Removed 28 stack frames]]>
    </failure>
  </testcase> <!-- addCategoryTestCase -->
</testsuite> <!-- Sanity Testing -->
